c:\users\mori\documents\visual studio 2015\projects\rendereengine\rendereengine\release\vc140.pdb
c:\users\mori\documents\visual studio 2015\projects\rendereengine\rendereengine\release\window.obj
c:\users\mori\documents\visual studio 2015\projects\rendereengine\rendereengine\release\utils.obj
c:\users\mori\documents\visual studio 2015\projects\rendereengine\rendereengine\release\trackball.obj
c:\users\mori\documents\visual studio 2015\projects\rendereengine\rendereengine\release\shader.obj
c:\users\mori\documents\visual studio 2015\projects\rendereengine\rendereengine\release\objshader.obj
c:\users\mori\documents\visual studio 2015\projects\rendereengine\rendereengine\release\objmesh.obj
c:\users\mori\documents\visual studio 2015\projects\rendereengine\rendereengine\release\main.obj
c:\users\mori\documents\visual studio 2015\projects\rendereengine\rendereengine\release\light.obj
c:\users\mori\documents\visual studio 2015\projects\rendereengine\rendereengine\release\glslcompiler.obj
c:\users\mori\documents\visual studio 2015\projects\rendereengine\rendereengine\release\glext_win.obj
c:\users\mori\documents\visual studio 2015\projects\rendereengine\rendereengine\release\camera.obj
c:\users\mori\documents\visual studio 2015\projects\rendereengine\rendereengine\release\debug.obj
c:\users\mori\documents\visual studio 2015\projects\rendereengine\release\rendereengine.exe
c:\users\mori\documents\visual studio 2015\projects\rendereengine\release\rendereengine.ipdb
c:\users\mori\documents\visual studio 2015\projects\rendereengine\release\rendereengine.iobj
c:\users\mori\documents\visual studio 2015\projects\rendereengine\release\rendereengine.pdb
c:\users\mori\documents\visual studio 2015\projects\rendereengine\rendereengine\release\rendereengine.tlog\cl.command.1.tlog
c:\users\mori\documents\visual studio 2015\projects\rendereengine\rendereengine\release\rendereengine.tlog\cl.read.1.tlog
c:\users\mori\documents\visual studio 2015\projects\rendereengine\rendereengine\release\rendereengine.tlog\cl.write.1.tlog
c:\users\mori\documents\visual studio 2015\projects\rendereengine\rendereengine\release\rendereengine.tlog\link.command.1.tlog
c:\users\mori\documents\visual studio 2015\projects\rendereengine\rendereengine\release\rendereengine.tlog\link.read.1.tlog
c:\users\mori\documents\visual studio 2015\projects\rendereengine\rendereengine\release\rendereengine.tlog\link.write.1.tlog
